<?xml version="1.0" encoding="UTF-8"?>
<testng-results ignored="0" total="1" passed="1" failed="0" skipped="0">
  <reporter-output>
  </reporter-output>
  <suite started-at="2022-07-24T21:49:29 GMT-04:00" name="Default suite" finished-at="2022-07-24T21:49:49 GMT-04:00" duration-ms="20188">
    <groups>
    </groups>
    <test started-at="2022-07-24T21:49:29 GMT-04:00" name="Default test" finished-at="2022-07-24T21:49:49 GMT-04:00" duration-ms="20188">
      <class name="YourAddress_Module">
        <test-method is-config="true" signature="setUrl()[pri:0, instance:YourAddress_Module@67a20f67]" started-at="2022-07-24T21:49:29 GMT-04:00" name="setUrl" finished-at="2022-07-24T21:49:38 GMT-04:00" duration-ms="9082" status="PASS">
          <reporter-output>
          </reporter-output>
        </test-method> <!-- setUrl -->
        <test-method signature="YourAddressPage()[pri:1, instance:YourAddress_Module@67a20f67]" started-at="2022-07-24T21:49:38 GMT-04:00" name="YourAddressPage" finished-at="2022-07-24T21:49:44 GMT-04:00" duration-ms="5908" status="PASS">
          <reporter-output>
          </reporter-output>
        </test-method> <!-- YourAddressPage -->
        <test-method is-config="true" signature="close()[pri:0, instance:YourAddress_Module@67a20f67]" started-at="2022-07-24T21:49:44 GMT-04:00" name="close" finished-at="2022-07-24T21:49:49 GMT-04:00" duration-ms="5103" status="PASS">
          <reporter-output>
          </reporter-output>
        </test-method> <!-- close -->
      </class> <!-- YourAddress_Module -->
    </test> <!-- Default test -->
  </suite> <!-- Default suite -->
</testng-results>
